<?xml version="1.0" encoding="UTF-8"?>
<!-- Generated by org.testng.reporters.JUnitXMLReporter -->
<testsuite hostname="NAZEER-PC" ignored="0" name="Default test" tests="9" failures="0" timestamp="25 May 2022 10:03:49 GMT" time="30.104" errors="0">
  <testcase name="SelectLanguage" time="6.953" classname="TestCases.TestCases_001"/>
  <testcase name="SeletBussinesTypeAndVerify" time="1.785" classname="TestCases.TestCases_001"/>
  <testcase name="SelectToolAndVerify" time="3.238" classname="TestCases.TestCases_001"/>
  <testcase name="VerifyQuestion1_And_Select" time="1.84" classname="TestCases.TestCases_001"/>
  <testcase name="VerifyQuestion2_And_Select" time="0.294" classname="TestCases.TestCases_001"/>
  <testcase name="checkPreviouAnswer_1AndClickNext" time="0.742" classname="TestCases.TestCases_001"/>
  <testcase name="VerifyQuestion3_And_Select" time="0.347" classname="TestCases.TestCases_001"/>
  <testcase name="checkPreviouAnswer_1_2_AndClickNext" time="2.601" classname="TestCases.TestCases_001"/>
  <testcase name="verifyOfLoginpage" time="0.354" classname="TestCases.TestCases_001"/>
</testsuite> <!-- Default test -->
